<?xml version="1.0" encoding="UTF-8" ?>
<testsuite tests="14" failures="1" name="TestSuite" time="29.5" errors="0" skipped="13">
  <properties>
[...]
</properties>
  <testcase classname="src.com.pack.common.tests.LoginPageTest" name="initializeTestBaseSetup" time="0.448">
    <failure message="
Parameter &apos;browserType&apos; is required by BeforeClass on method initializeTestBaseSetup but has not been marked @Optional or defined
" type="org.testng.TestNGException">org.testng.TestNGException: 
Parameter &apos;browserType&apos; is required by BeforeClass on method initializeTestBaseSetup but has not been marked @Optional or defined

	at org.testng.internal.Parameters.createParams(Parameters.java:290)
	at org.testng.internal.Parameters.createParametersForMethod(Parameters.java:359)
	at org.testng.internal.Parameters.createParameters(Parameters.java:620)
	at org.testng.internal.Parameters.createConfigurationParameters(Parameters.java:190)
	at org.testng.internal.Invoker.invokeConfigurations(Invoker.java:209)
	at org.testng.internal.Invoker.invokeConfigurations(Invoker.java:142)
	at org.testng.internal.TestMethodWorker.invokeBeforeClassMethods(TestMethodWorker.java:163)
	at org.testng.internal.TestMethodWorker.run(TestMethodWorker.java:105)
	at org.testng.TestRunner.privateRun(TestRunner.java:648)
	at org.testng.TestRunner.run(TestRunner.java:505)
	at org.testng.SuiteRunner.runTest(SuiteRunner.java:455)
	at org.testng.SuiteRunner.runSequentially(SuiteRunner.java:450)
	at org.testng.SuiteRunner.privateRun(SuiteRunner.java:415)
	at org.testng.SuiteRunner.run(SuiteRunner.java:364)
	at org.testng.SuiteRunnerWorker.runSuite(SuiteRunnerWorker.java:52)
	at org.testng.SuiteRunnerWorker.run(SuiteRunnerWorker.java:84)
	at org.testng.TestNG.runSuitesSequentially(TestNG.java:1187)
	at org.testng.TestNG.runSuitesLocally(TestNG.java:1116)
	at org.testng.TestNG.runSuites(TestNG.java:1028)
	at org.testng.TestNG.run(TestNG.java:996)
	at org.apache.maven.surefire.testng.TestNGExecutor.run(TestNGExecutor.java:77)
	at org.apache.maven.surefire.testng.TestNGDirectoryTestSuite.executeMulti(TestNGDirectoryTestSuite.java:159)
	at org.apache.maven.surefire.testng.TestNGDirectoryTestSuite.execute(TestNGDirectoryTestSuite.java:99)
	at org.apache.maven.surefire.testng.TestNGProvider.invoke(TestNGProvider.java:106)
	at java.base/jdk.internal.reflect.NativeMethodAccessorImpl.invoke0(Native Method)
	at java.base/jdk.internal.reflect.NativeMethodAccessorImpl.invoke(NativeMethodAccessorImpl.java:78)
	at java.base/jdk.internal.reflect.DelegatingMethodAccessorImpl.invoke(DelegatingMethodAccessorImpl.java:43)
	at java.base/java.lang.reflect.Method.invoke(Method.java:567)
	at org.apache.maven.surefire.util.ReflectionUtils.invokeMethodWithArray(ReflectionUtils.java:189)
	at org.apache.maven.surefire.booter.ProviderFactory$ProviderProxy.invoke(ProviderFactory.java:165)
	at org.apache.maven.surefire.booter.ProviderFactory.invokeProvider(ProviderFactory.java:85)
	at org.apache.maven.surefire.booter.ForkedBooter.runSuitesInProcess(ForkedBooter.java:115)
	at org.apache.maven.surefire.booter.ForkedBooter.main(ForkedBooter.java:75)
</failure>
    <system-out>Configuring TestNG with: org.apache.maven.surefire.testng.conf.TestNG652Configurator@f5f2bb7
</system-out>
  </testcase>
  <testcase classname="src.com.pack.common.tests.LoginPageTest" name="setUp" time="0.448">
    <skipped/>
  </testcase>
  <testcase classname="src.com.pack.common.tests.LoginPageTest" name="CheckLoginPageTest" time="0.458">
    <skipped/>
  </testcase>
  <testcase classname="src.com.pack.common.tests.LoginPageTest" name="tearDown" time="1.461">
    <skipped/>
  </testcase>
  <testcase classname="src.com.pack.common.tests.DealViewTest" name="initializeTestBaseSetup" time="1.464">
    <skipped/>
  </testcase>
  <testcase classname="src.com.pack.common.tests.DealViewTest" name="setUp" time="1.464">
    <skipped/>
  </testcase>
  <testcase classname="src.com.pack.common.tests.DealViewTest" name="InvitationsDeal" time="1.464">
    <skipped/>
  </testcase>
  <testcase classname="src.com.pack.common.tests.IconPageTest" name="initializeTestBaseSetup" time="2.468">
    <skipped/>
  </testcase>
  <testcase classname="src.com.pack.common.tests.IconPageTest" name="setUp" time="2.469">
    <skipped/>
  </testcase>
  <testcase classname="src.com.pack.common.tests.IconPageTest" name="NotificationSet" time="2.469">
    <skipped/>
  </testcase>
  <testcase classname="src.com.pack.common.tests.CDealCreateTest" name="initializeTestBaseSetup" time="3.471">
    <skipped/>
  </testcase>
  <testcase classname="src.com.pack.common.tests.CDealCreateTest" name="setUp" time="3.472">
    <skipped/>
  </testcase>
  <testcase classname="src.com.pack.common.tests.CDealCreateTest" name="dealDetails" time="3.472">
    <skipped/>
  </testcase>
  <testcase classname="src.com.pack.common.tests.CDealCreateTest" name="tearDown" time="4.472">
    <skipped/>
  </testcase>
</testsuite>